c:\users\melor\desktop\coding\c_c++\chess\x64\debug\raylib.dll
c:\users\melor\desktop\coding\c_c++\chess\x64\debug\glfw3.dll
c:\users\melor\desktop\coding\c_c++\chess\chess\x64\debug\vc143.pdb
c:\users\melor\desktop\coding\c_c++\chess\chess\x64\debug\vc143.idb
c:\users\melor\desktop\coding\c_c++\chess\chess\x64\debug\position.obj
c:\users\melor\desktop\coding\c_c++\chess\chess\x64\debug\pieces.obj
c:\users\melor\desktop\coding\c_c++\chess\chess\x64\debug\piece.obj
c:\users\melor\desktop\coding\c_c++\chess\chess\x64\debug\imageutil.obj
c:\users\melor\desktop\coding\c_c++\chess\chess\x64\debug\game.obj
c:\users\melor\desktop\coding\c_c++\chess\chess\x64\debug\chess.obj
c:\users\melor\desktop\coding\c_c++\chess\chess\x64\debug\board.obj
c:\users\melor\desktop\coding\c_c++\chess\x64\debug\chess.exe
c:\users\melor\desktop\coding\c_c++\chess\x64\debug\chess.pdb
c:\users\melor\desktop\coding\c_c++\chess\chess\x64\debug\chess.ilk
c:\users\melor\desktop\coding\c_c++\chess\chess\x64\debug\chess.tlog\chess.write.1u.tlog
c:\users\melor\desktop\coding\c_c++\chess\chess\x64\debug\chess.tlog\cl.command.1.tlog
c:\users\melor\desktop\coding\c_c++\chess\chess\x64\debug\chess.tlog\cl.items.tlog
c:\users\melor\desktop\coding\c_c++\chess\chess\x64\debug\chess.tlog\cl.read.1.tlog
c:\users\melor\desktop\coding\c_c++\chess\chess\x64\debug\chess.tlog\cl.write.1.tlog
c:\users\melor\desktop\coding\c_c++\chess\chess\x64\debug\chess.tlog\link.command.1.tlog
c:\users\melor\desktop\coding\c_c++\chess\chess\x64\debug\chess.tlog\link.read.1.tlog
c:\users\melor\desktop\coding\c_c++\chess\chess\x64\debug\chess.tlog\link.secondary.1.tlog
c:\users\melor\desktop\coding\c_c++\chess\chess\x64\debug\chess.tlog\link.write.1.tlog
